<?xml version="1.0" encoding="UTF-8"?>
<testsuite xmlns:xsi="http://www.w3.org/2001/XMLSchema-instance" xsi:noNamespaceSchemaLocation="https://maven.apache.org/surefire/maven-surefire-plugin/xsd/surefire-test-report.xsd" name="TestSuite" time="29.313" tests="4" errors="0" skipped="0" failures="0">
  <properties>
[...]
</properties>
  <testcase name="WikiPageTest" classname="com.qa.TestNGScripts.TestCase1" time="3.712"/>
  <testcase name="AlertBoxTest" classname="com.qa.TestNGScripts.TestCase1" time="1.12"/>
  <testcase name="method1" classname="com.qa.TestNGScripts.MouseHoverDemo" time="4.216"/>
  <testcase name="naviage" classname="com.qa.TestNGScripts.NavigationDemo" time="16.374"/>
</testsuite>