<?xml version="1.0" encoding="UTF-8"?>
<testng-results ignored="0" total="4" passed="4" failed="0" skipped="0">
  <reporter-output>
  </reporter-output>
  <suite started-at="2022-02-16T06:12:00Z" name="InegrationTesting" finished-at="2022-02-16T06:12:28Z" duration-ms="28319">
    <groups>
    </groups>
    <test started-at="2022-02-16T06:12:00Z" name="wikiPage" finished-at="2022-02-16T06:12:08Z" duration-ms="7662">
      <class name="com.qa.TestNGScripts.TestCase1">
        <test-method is-config="true" signature="openBrowser()[pri:0, instance:com.qa.TestNGScripts.TestCase1@3b6d844d]" started-at="2022-02-16T06:12:00Z" name="openBrowser" finished-at="2022-02-16T06:12:02Z" duration-ms="2518" status="PASS">
          <reporter-output>
          </reporter-output>
        </test-method> <!-- openBrowser -->
        <test-method signature="WikiPageTest()[pri:49, instance:com.qa.TestNGScripts.TestCase1@3b6d844d]" started-at="2022-02-16T06:12:02Z" name="WikiPageTest" finished-at="2022-02-16T06:12:06Z" duration-ms="3711" status="PASS">
          <reporter-output>
          </reporter-output>
        </test-method> <!-- WikiPageTest -->
        <test-method signature="AlertBoxTest()[pri:50, instance:com.qa.TestNGScripts.TestCase1@3b6d844d]" started-at="2022-02-16T06:12:06Z" name="AlertBoxTest" finished-at="2022-02-16T06:12:07Z" duration-ms="1116" status="PASS">
          <reporter-output>
          </reporter-output>
        </test-method> <!-- AlertBoxTest -->
        <test-method is-config="true" signature="closebrowser()[pri:0, instance:com.qa.TestNGScripts.TestCase1@3b6d844d]" started-at="2022-02-16T06:12:07Z" name="closebrowser" finished-at="2022-02-16T06:12:08Z" duration-ms="298" status="PASS">
          <reporter-output>
          </reporter-output>
        </test-method> <!-- closebrowser -->
      </class> <!-- com.qa.TestNGScripts.TestCase1 -->
    </test> <!-- wikiPage -->
    <test started-at="2022-02-16T06:12:08Z" name="AmazonTest" finished-at="2022-02-16T06:12:12Z" duration-ms="4219">
      <class name="com.qa.TestNGScripts.MouseHoverDemo">
        <test-method signature="method1()[pri:0, instance:com.qa.TestNGScripts.MouseHoverDemo@68878f6d]" started-at="2022-02-16T06:12:08Z" name="method1" finished-at="2022-02-16T06:12:12Z" duration-ms="4217" status="PASS">
          <reporter-output>
          </reporter-output>
        </test-method> <!-- method1 -->
      </class> <!-- com.qa.TestNGScripts.MouseHoverDemo -->
    </test> <!-- AmazonTest -->
    <test started-at="2022-02-16T06:12:12Z" name="naviagtion" finished-at="2022-02-16T06:12:28Z" duration-ms="16374">
      <class name="com.qa.TestNGScripts.NavigationDemo">
        <test-method signature="naviage()[pri:0, instance:com.qa.TestNGScripts.NavigationDemo@16612a51]" started-at="2022-02-16T06:12:12Z" name="naviage" finished-at="2022-02-16T06:12:28Z" duration-ms="16374" status="PASS">
          <reporter-output>
          </reporter-output>
        </test-method> <!-- naviage -->
      </class> <!-- com.qa.TestNGScripts.NavigationDemo -->
    </test> <!-- naviagtion -->
  </suite> <!-- InegrationTesting -->
</testng-results>
