<?xml version="1.0" encoding="UTF-8"?>
<testng-results ignored="0" total="4" passed="4" failed="0" skipped="0">
  <reporter-output>
  </reporter-output>
  <suite started-at="2022-02-16T06:08:34Z" name="InegrationTesting" finished-at="2022-02-16T06:09:04Z" duration-ms="30199">
    <groups>
    </groups>
    <test started-at="2022-02-16T06:08:34Z" name="wikiPage" finished-at="2022-02-16T06:08:41Z" duration-ms="7288">
      <class name="com.qa.TestNGScripts.TestCase1">
        <test-method is-config="true" signature="openBrowser()[pri:0, instance:com.qa.TestNGScripts.TestCase1@13b3d178]" started-at="2022-02-16T06:08:34Z" name="openBrowser" finished-at="2022-02-16T06:08:36Z" duration-ms="2097" status="PASS">
          <reporter-output>
          </reporter-output>
        </test-method> <!-- openBrowser -->
        <test-method signature="WikiPageTest()[pri:49, instance:com.qa.TestNGScripts.TestCase1@13b3d178]" started-at="2022-02-16T06:08:36Z" name="WikiPageTest" finished-at="2022-02-16T06:08:39Z" duration-ms="3613" status="PASS">
          <reporter-output>
          </reporter-output>
        </test-method> <!-- WikiPageTest -->
        <test-method signature="AlertBoxTest()[pri:50, instance:com.qa.TestNGScripts.TestCase1@13b3d178]" started-at="2022-02-16T06:08:39Z" name="AlertBoxTest" finished-at="2022-02-16T06:08:41Z" duration-ms="1269" status="PASS">
          <reporter-output>
          </reporter-output>
        </test-method> <!-- AlertBoxTest -->
        <test-method is-config="true" signature="closebrowser()[pri:0, instance:com.qa.TestNGScripts.TestCase1@13b3d178]" started-at="2022-02-16T06:08:41Z" name="closebrowser" finished-at="2022-02-16T06:08:41Z" duration-ms="284" status="PASS">
          <reporter-output>
          </reporter-output>
        </test-method> <!-- closebrowser -->
      </class> <!-- com.qa.TestNGScripts.TestCase1 -->
    </test> <!-- wikiPage -->
    <test started-at="2022-02-16T06:08:41Z" name="AmazonTest" finished-at="2022-02-16T06:08:45Z" duration-ms="4287">
      <class name="com.qa.TestNGScripts.MouseHoverDemo">
        <test-method signature="method1()[pri:0, instance:com.qa.TestNGScripts.MouseHoverDemo@59d4cd39]" started-at="2022-02-16T06:08:41Z" name="method1" finished-at="2022-02-16T06:08:45Z" duration-ms="4284" status="PASS">
          <reporter-output>
          </reporter-output>
        </test-method> <!-- method1 -->
      </class> <!-- com.qa.TestNGScripts.MouseHoverDemo -->
    </test> <!-- AmazonTest -->
    <test started-at="2022-02-16T06:08:45Z" name="naviagtion" finished-at="2022-02-16T06:09:04Z" duration-ms="18557">
      <class name="com.qa.TestNGScripts.NavigationDemo">
        <test-method signature="naviage()[pri:0, instance:com.qa.TestNGScripts.NavigationDemo@57c03d88]" started-at="2022-02-16T06:08:45Z" name="naviage" finished-at="2022-02-16T06:09:04Z" duration-ms="18555" status="PASS">
          <reporter-output>
          </reporter-output>
        </test-method> <!-- naviage -->
      </class> <!-- com.qa.TestNGScripts.NavigationDemo -->
    </test> <!-- naviagtion -->
  </suite> <!-- InegrationTesting -->
</testng-results>
